<?xml version="1.0" encoding="UTF-8"?>
<testng-results ignored="0" total="4" passed="4" failed="0" skipped="0">
  <reporter-output>
  </reporter-output>
  <suite started-at="2021-12-11T14:56:30Z" name="search-module" finished-at="2021-12-11T14:56:41Z" duration-ms="11083">
    <groups>
    </groups>
    <test started-at="2021-12-11T14:56:30Z" name="search-test-java" finished-at="2021-12-11T14:56:34Z" duration-ms="4569">
      <class name="com.searchmodule.tests.SearchTest">
        <test-method is-config="true" signature="setupDriver(org.testng.ITestContext)[pri:0, instance:com.searchmodule.tests.SearchTest@5e5d171f]" started-at="2021-12-11T14:56:30Z" name="setupDriver" finished-at="2021-12-11T14:56:31Z" duration-ms="1374" status="PASS">
          <params>
            <param index="0">
              <value>
                <![CDATA[org.testng.TestRunner@75b21c3b]]>
              </value>
            </param>
          </params>
          <reporter-output>
          </reporter-output>
        </test-method> <!-- setupDriver -->
        <test-method signature="search(java.lang.String)[pri:0, instance:com.searchmodule.tests.SearchTest@5e5d171f]" started-at="2021-12-11T14:56:31Z" name="search" finished-at="2021-12-11T14:56:34Z" duration-ms="3109" status="PASS">
          <params>
            <param index="0">
              <value>
                <![CDATA[java]]>
              </value>
            </param>
          </params>
          <reporter-output>
          </reporter-output>
        </test-method> <!-- search -->
        <test-method is-config="true" signature="quitDriver()[pri:0, instance:com.searchmodule.tests.SearchTest@5e5d171f]" started-at="2021-12-11T14:56:34Z" name="quitDriver" finished-at="2021-12-11T14:56:34Z" duration-ms="76" status="PASS">
          <reporter-output>
          </reporter-output>
        </test-method> <!-- quitDriver -->
      </class> <!-- com.searchmodule.tests.SearchTest -->
    </test> <!-- search-test-java -->
    <test started-at="2021-12-11T14:56:35Z" name="search-test-webdriver" finished-at="2021-12-11T14:56:37Z" duration-ms="1996">
      <class name="com.searchmodule.tests.SearchTest">
        <test-method is-config="true" signature="setupDriver(org.testng.ITestContext)[pri:0, instance:com.searchmodule.tests.SearchTest@7530ad9c]" started-at="2021-12-11T14:56:35Z" name="setupDriver" finished-at="2021-12-11T14:56:35Z" duration-ms="257" status="PASS">
          <params>
            <param index="0">
              <value>
                <![CDATA[org.testng.TestRunner@72be135f]]>
              </value>
            </param>
          </params>
          <reporter-output>
          </reporter-output>
        </test-method> <!-- setupDriver -->
        <test-method signature="search(java.lang.String)[pri:0, instance:com.searchmodule.tests.SearchTest@7530ad9c]" started-at="2021-12-11T14:56:35Z" name="search" finished-at="2021-12-11T14:56:36Z" duration-ms="1678" status="PASS">
          <params>
            <param index="0">
              <value>
                <![CDATA[webdriver]]>
              </value>
            </param>
          </params>
          <reporter-output>
          </reporter-output>
        </test-method> <!-- search -->
        <test-method is-config="true" signature="quitDriver()[pri:0, instance:com.searchmodule.tests.SearchTest@7530ad9c]" started-at="2021-12-11T14:56:36Z" name="quitDriver" finished-at="2021-12-11T14:56:37Z" duration-ms="61" status="PASS">
          <reporter-output>
          </reporter-output>
        </test-method> <!-- quitDriver -->
      </class> <!-- com.searchmodule.tests.SearchTest -->
    </test> <!-- search-test-webdriver -->
    <test started-at="2021-12-11T14:56:37Z" name="search-test-docker" finished-at="2021-12-11T14:56:39Z" duration-ms="2208">
      <class name="com.searchmodule.tests.SearchTest">
        <test-method is-config="true" signature="setupDriver(org.testng.ITestContext)[pri:0, instance:com.searchmodule.tests.SearchTest@65d09a04]" started-at="2021-12-11T14:56:37Z" name="setupDriver" finished-at="2021-12-11T14:56:37Z" duration-ms="267" status="PASS">
          <params>
            <param index="0">
              <value>
                <![CDATA[org.testng.TestRunner@155d1021]]>
              </value>
            </param>
          </params>
          <reporter-output>
          </reporter-output>
        </test-method> <!-- setupDriver -->
        <test-method signature="search(java.lang.String)[pri:0, instance:com.searchmodule.tests.SearchTest@65d09a04]" started-at="2021-12-11T14:56:37Z" name="search" finished-at="2021-12-11T14:56:39Z" duration-ms="1878" status="PASS">
          <params>
            <param index="0">
              <value>
                <![CDATA[docker]]>
              </value>
            </param>
          </params>
          <reporter-output>
          </reporter-output>
        </test-method> <!-- search -->
        <test-method is-config="true" signature="quitDriver()[pri:0, instance:com.searchmodule.tests.SearchTest@65d09a04]" started-at="2021-12-11T14:56:39Z" name="quitDriver" finished-at="2021-12-11T14:56:39Z" duration-ms="62" status="PASS">
          <reporter-output>
          </reporter-output>
        </test-method> <!-- quitDriver -->
      </class> <!-- com.searchmodule.tests.SearchTest -->
    </test> <!-- search-test-docker -->
    <test started-at="2021-12-11T14:56:39Z" name="search-test-kubernetes" finished-at="2021-12-11T14:56:41Z" duration-ms="2269">
      <class name="com.searchmodule.tests.SearchTest">
        <test-method is-config="true" signature="setupDriver(org.testng.ITestContext)[pri:0, instance:com.searchmodule.tests.SearchTest@45b4c3a9]" started-at="2021-12-11T14:56:39Z" name="setupDriver" finished-at="2021-12-11T14:56:39Z" duration-ms="271" status="PASS">
          <params>
            <param index="0">
              <value>
                <![CDATA[org.testng.TestRunner@4bd2f0dc]]>
              </value>
            </param>
          </params>
          <reporter-output>
          </reporter-output>
        </test-method> <!-- setupDriver -->
        <test-method signature="search(java.lang.String)[pri:0, instance:com.searchmodule.tests.SearchTest@45b4c3a9]" started-at="2021-12-11T14:56:39Z" name="search" finished-at="2021-12-11T14:56:41Z" duration-ms="1917" status="PASS">
          <params>
            <param index="0">
              <value>
                <![CDATA[kubernetes]]>
              </value>
            </param>
          </params>
          <reporter-output>
          </reporter-output>
        </test-method> <!-- search -->
        <test-method is-config="true" signature="quitDriver()[pri:0, instance:com.searchmodule.tests.SearchTest@45b4c3a9]" started-at="2021-12-11T14:56:41Z" name="quitDriver" finished-at="2021-12-11T14:56:41Z" duration-ms="80" status="PASS">
          <reporter-output>
          </reporter-output>
        </test-method> <!-- quitDriver -->
      </class> <!-- com.searchmodule.tests.SearchTest -->
    </test> <!-- search-test-kubernetes -->
  </suite> <!-- search-module -->
</testng-results>
