<?xml version="1.0" encoding="UTF-8"?>
<testsuite xmlns:xsi="http://www.w3.org/2001/XMLSchema-instance" xsi:noNamespaceSchemaLocation="https://maven.apache.org/surefire/maven-surefire-plugin/xsd/surefire-test-report-3.0.xsd" version="3.0" name="TestSuite" time="11.692" tests="4" errors="0" skipped="0" failures="0">
  <properties>
[...]
</properties>
  <testcase name="search[java](1)" classname="com.searchmodule.tests.SearchTest" time="3.095">
    <system-out><![CDATA[Search Result : 60
]]></system-out>
    <system-err><![CDATA[Dec 11, 2021 8:26:30 PM org.openqa.selenium.remote.DesiredCapabilities chrome
INFO: Using `new ChromeOptions()` is preferred to `DesiredCapabilities.chrome()`
Dec 11, 2021 8:26:31 PM org.openqa.selenium.remote.ProtocolHandshake createSession
INFO: Detected dialect: W3C
]]></system-err>
  </testcase>
  <testcase name="search[webdriver](1)" classname="com.searchmodule.tests.SearchTest" time="1.667">
    <system-out><![CDATA[Search Result : 10
]]></system-out>
    <system-err><![CDATA[Dec 11, 2021 8:26:35 PM org.openqa.selenium.remote.DesiredCapabilities chrome
INFO: Using `new ChromeOptions()` is preferred to `DesiredCapabilities.chrome()`
Dec 11, 2021 8:26:35 PM org.openqa.selenium.remote.ProtocolHandshake createSession
INFO: Detected dialect: W3C
]]></system-err>
  </testcase>
  <testcase name="search[docker](1)" classname="com.searchmodule.tests.SearchTest" time="1.872">
    <system-out><![CDATA[Search Result : 60
]]></system-out>
    <system-err><![CDATA[Dec 11, 2021 8:26:37 PM org.openqa.selenium.remote.DesiredCapabilities chrome
INFO: Using `new ChromeOptions()` is preferred to `DesiredCapabilities.chrome()`
Dec 11, 2021 8:26:37 PM org.openqa.selenium.remote.ProtocolHandshake createSession
INFO: Detected dialect: W3C
]]></system-err>
  </testcase>
  <testcase name="search[kubernetes](1)" classname="com.searchmodule.tests.SearchTest" time="1.911">
    <system-out><![CDATA[Search Result : 60
]]></system-out>
    <system-err><![CDATA[Dec 11, 2021 8:26:39 PM org.openqa.selenium.remote.DesiredCapabilities chrome
INFO: Using `new ChromeOptions()` is preferred to `DesiredCapabilities.chrome()`
Dec 11, 2021 8:26:39 PM org.openqa.selenium.remote.ProtocolHandshake createSession
INFO: Detected dialect: W3C
]]></system-err>
  </testcase>
</testsuite>